Looking for git in: git
Using git 2.20.1 from git
> git rev-parse --show-toplevel
> git rev-parse --git-dir
Open repository: /home/terra/Documents/system33/typescript/ChaosRPG
> git status -z -u
> git symbolic-ref --short HEAD
> git rev-parse master
> git rev-parse --symbolic-full-name master@{u}
> git rev-list --left-right master...refs/remotes/origin/master
> git check-ignore -v -z --stdin
> git for-each-ref --format %(refname) %(objectname) --sort -committerdate
> git remote --verbose
Failed to watch ref '/home/terra/Documents/system33/typescript/ChaosRPG/.git/refs/remotes/origin/master', is most likely packed.
Error: ENOENT: no such file or directory, watch '/home/terra/Documents/system33/typescript/ChaosRPG/.git/refs/remotes/origin/master'
	at FSWatcher.start (internal/fs/watchers.js:165:26)
	at Object.watch (fs.js:1270:11)
	at Object.t.watch (/usr/share/codium/resources/app/extensions/git/dist/main.js:1:598268)
	at T.updateTransientWatchers (/usr/share/codium/resources/app/extensions/git/dist/main.js:1:83870)
	at e.fire (/usr/share/codium/resources/app/out/vs/workbench/services/extensions/node/extensionHostProcess.js:48:517)
	at e.updateModelState (/usr/share/codium/resources/app/extensions/git/dist/main.js:1:102740)
> git config --get commit.template
> git check-ignore -v -z --stdin
> git status -z -u
> git symbolic-ref --short HEAD
> git rev-parse master
> git rev-parse --symbolic-full-name master@{u}
> git rev-list --left-right master...refs/remotes/origin/master
> git for-each-ref --format %(refname) %(objectname) --sort -committerdate
> git remote --verbose
Failed to watch ref '/home/terra/Documents/system33/typescript/ChaosRPG/.git/refs/remotes/origin/master', is most likely packed.
Error: ENOENT: no such file or directory, watch '/home/terra/Documents/system33/typescript/ChaosRPG/.git/refs/remotes/origin/master'
	at FSWatcher.start (internal/fs/watchers.js:165:26)
	at Object.watch (fs.js:1270:11)
	at Object.t.watch (/usr/share/codium/resources/app/extensions/git/dist/main.js:1:598268)
	at T.updateTransientWatchers (/usr/share/codium/resources/app/extensions/git/dist/main.js:1:83870)
	at e.fire (/usr/share/codium/resources/app/out/vs/workbench/services/extensions/node/extensionHostProcess.js:48:517)
	at e.updateModelState (/usr/share/codium/resources/app/extensions/git/dist/main.js:1:102740)
> git config --get commit.template
> git check-ignore -v -z --stdin
> git check-ignore -v -z --stdin
> git check-ignore -v -z --stdin
> git show :main/commands/rpg/arena.ts
> git ls-files --stage -- /home/terra/Documents/system33/typescript/ChaosRPG/main/commands/rpg/arena.ts
> git cat-file -s c47a6f72403da010746242b7beb5099dbe77cb56
> git status -z -u
> git symbolic-ref --short HEAD
> git rev-parse master
> git rev-parse --symbolic-full-name master@{u}
> git rev-list --left-right master...refs/remotes/origin/master
> git for-each-ref --format %(refname) %(objectname) --sort -committerdate
> git remote --verbose
Failed to watch ref '/home/terra/Documents/system33/typescript/ChaosRPG/.git/refs/remotes/origin/master', is most likely packed.
Error: ENOENT: no such file or directory, watch '/home/terra/Documents/system33/typescript/ChaosRPG/.git/refs/remotes/origin/master'
	at FSWatcher.start (internal/fs/watchers.js:165:26)
	at Object.watch (fs.js:1270:11)
	at Object.t.watch (/usr/share/codium/resources/app/extensions/git/dist/main.js:1:598268)
	at T.updateTransientWatchers (/usr/share/codium/resources/app/extensions/git/dist/main.js:1:83870)
	at e.fire (/usr/share/codium/resources/app/out/vs/workbench/services/extensions/node/extensionHostProcess.js:48:517)
	at e.updateModelState (/usr/share/codium/resources/app/extensions/git/dist/main.js:1:102740)
> git config --get commit.template
> git show :main/src/utils.ts
> git ls-files --stage -- /home/terra/Documents/system33/typescript/ChaosRPG/main/src/utils.ts
> git cat-file -s b4b2e95521d676f6c0b1a07460b466bb850aa408
> git status -z -u
> git symbolic-ref --short HEAD
> git rev-parse master
> git rev-parse --symbolic-full-name master@{u}
> git rev-list --left-right master...refs/remotes/origin/master
> git for-each-ref --format %(refname) %(objectname) --sort -committerdate
> git remote --verbose
Failed to watch ref '/home/terra/Documents/system33/typescript/ChaosRPG/.git/refs/remotes/origin/master', is most likely packed.
Error: ENOENT: no such file or directory, watch '/home/terra/Documents/system33/typescript/ChaosRPG/.git/refs/remotes/origin/master'
	at FSWatcher.start (internal/fs/watchers.js:165:26)
	at Object.watch (fs.js:1270:11)
	at Object.t.watch (/usr/share/codium/resources/app/extensions/git/dist/main.js:1:598268)
	at T.updateTransientWatchers (/usr/share/codium/resources/app/extensions/git/dist/main.js:1:83870)
	at e.fire (/usr/share/codium/resources/app/out/vs/workbench/services/extensions/node/extensionHostProcess.js:48:517)
	at e.updateModelState (/usr/share/codium/resources/app/extensions/git/dist/main.js:1:102740)
> git config --get commit.template
> git log --format=%H%n%aN%n%aE%n%at%n%ct%n%P%n%B -z -n21 -- /home/terra/Documents/system33/typescript/ChaosRPG/main/src/utils.ts
> git check-ignore -v -z --stdin
> git show :main/commands/rpg/give.ts
> git ls-files --stage -- /home/terra/Documents/system33/typescript/ChaosRPG/main/commands/rpg/give.ts
> git cat-file -s c046db0ea7875fee5e80c8391ec4f21e2395e767
> git status -z -u
> git symbolic-ref --short HEAD
> git rev-parse master
> git rev-parse --symbolic-full-name master@{u}
> git rev-list --left-right master...refs/remotes/origin/master
> git for-each-ref --format %(refname) %(objectname) --sort -committerdate
> git remote --verbose
Failed to watch ref '/home/terra/Documents/system33/typescript/ChaosRPG/.git/refs/remotes/origin/master', is most likely packed.
Error: ENOENT: no such file or directory, watch '/home/terra/Documents/system33/typescript/ChaosRPG/.git/refs/remotes/origin/master'
	at FSWatcher.start (internal/fs/watchers.js:165:26)
	at Object.watch (fs.js:1270:11)
	at Object.t.watch (/usr/share/codium/resources/app/extensions/git/dist/main.js:1:598268)
	at T.updateTransientWatchers (/usr/share/codium/resources/app/extensions/git/dist/main.js:1:83870)
	at e.fire (/usr/share/codium/resources/app/out/vs/workbench/services/extensions/node/extensionHostProcess.js:48:517)
	at e.updateModelState (/usr/share/codium/resources/app/extensions/git/dist/main.js:1:102740)
> git config --get commit.template
> git status -z -u
> git ls-files --stage -- /home/terra/Documents/system33/typescript/ChaosRPG/main/commands/rpg/give.ts
> git cat-file -s 3822c358960f0a95c8c81fcd2cf1cab26665002e
> git show :main/commands/rpg/give.ts
> git symbolic-ref --short HEAD
> git rev-parse master
> git rev-parse --symbolic-full-name master@{u}
> git rev-list --left-right master...refs/remotes/origin/master
> git for-each-ref --format %(refname) %(objectname) --sort -committerdate
> git remote --verbose
Failed to watch ref '/home/terra/Documents/system33/typescript/ChaosRPG/.git/refs/remotes/origin/master', is most likely packed.
Error: ENOENT: no such file or directory, watch '/home/terra/Documents/system33/typescript/ChaosRPG/.git/refs/remotes/origin/master'
	at FSWatcher.start (internal/fs/watchers.js:165:26)
	at Object.watch (fs.js:1270:11)
	at Object.t.watch (/usr/share/codium/resources/app/extensions/git/dist/main.js:1:598268)
	at T.updateTransientWatchers (/usr/share/codium/resources/app/extensions/git/dist/main.js:1:83870)
	at e.fire (/usr/share/codium/resources/app/out/vs/workbench/services/extensions/node/extensionHostProcess.js:48:517)
	at e.updateModelState (/usr/share/codium/resources/app/extensions/git/dist/main.js:1:102740)
> git config --get commit.template
> git ls-files --stage -- /home/terra/Documents/system33/typescript/ChaosRPG/main/commands/rpg/give.ts
> git cat-file -s 3822c358960f0a95c8c81fcd2cf1cab26665002e
> git show :main/commands/rpg/give.ts
> git status -z -u
> git symbolic-ref --short HEAD
> git rev-parse master
> git rev-parse --symbolic-full-name master@{u}
> git rev-list --left-right master...refs/remotes/origin/master
> git for-each-ref --format %(refname) %(objectname) --sort -committerdate
> git remote --verbose
Failed to watch ref '/home/terra/Documents/system33/typescript/ChaosRPG/.git/refs/remotes/origin/master', is most likely packed.
Error: ENOENT: no such file or directory, watch '/home/terra/Documents/system33/typescript/ChaosRPG/.git/refs/remotes/origin/master'
	at FSWatcher.start (internal/fs/watchers.js:165:26)
	at Object.watch (fs.js:1270:11)
	at Object.t.watch (/usr/share/codium/resources/app/extensions/git/dist/main.js:1:598268)
	at T.updateTransientWatchers (/usr/share/codium/resources/app/extensions/git/dist/main.js:1:83870)
	at e.fire (/usr/share/codium/resources/app/out/vs/workbench/services/extensions/node/extensionHostProcess.js:48:517)
	at e.updateModelState (/usr/share/codium/resources/app/extensions/git/dist/main.js:1:102740)
> git config --get commit.template
> git status -z -u
> git ls-files --stage -- /home/terra/Documents/system33/typescript/ChaosRPG/main/commands/rpg/give.ts
> git symbolic-ref --short HEAD
> git rev-parse master
> git cat-file -s 3822c358960f0a95c8c81fcd2cf1cab26665002e
> git rev-parse --symbolic-full-name master@{u}
> git rev-list --left-right master...refs/remotes/origin/master
> git for-each-ref --format %(refname) %(objectname) --sort -committerdate
> git remote --verbose
> git show :main/commands/rpg/give.ts
Failed to watch ref '/home/terra/Documents/system33/typescript/ChaosRPG/.git/refs/remotes/origin/master', is most likely packed.
Error: ENOENT: no such file or directory, watch '/home/terra/Documents/system33/typescript/ChaosRPG/.git/refs/remotes/origin/master'
	at FSWatcher.start (internal/fs/watchers.js:165:26)
	at Object.watch (fs.js:1270:11)
	at Object.t.watch (/usr/share/codium/resources/app/extensions/git/dist/main.js:1:598268)
	at T.updateTransientWatchers (/usr/share/codium/resources/app/extensions/git/dist/main.js:1:83870)
	at e.fire (/usr/share/codium/resources/app/out/vs/workbench/services/extensions/node/extensionHostProcess.js:48:517)
	at e.updateModelState (/usr/share/codium/resources/app/extensions/git/dist/main.js:1:102740)
> git config --get commit.template
> git status -z -u
> git symbolic-ref --short HEAD
> git rev-parse master
> git rev-parse --symbolic-full-name master@{u}
> git rev-list --left-right master...refs/remotes/origin/master
> git for-each-ref --format %(refname) %(objectname) --sort -committerdate
> git remote --verbose
Failed to watch ref '/home/terra/Documents/system33/typescript/ChaosRPG/.git/refs/remotes/origin/master', is most likely packed.
Error: ENOENT: no such file or directory, watch '/home/terra/Documents/system33/typescript/ChaosRPG/.git/refs/remotes/origin/master'
	at FSWatcher.start (internal/fs/watchers.js:165:26)
	at Object.watch (fs.js:1270:11)
	at Object.t.watch (/usr/share/codium/resources/app/extensions/git/dist/main.js:1:598268)
	at T.updateTransientWatchers (/usr/share/codium/resources/app/extensions/git/dist/main.js:1:83870)
	at e.fire (/usr/share/codium/resources/app/out/vs/workbench/services/extensions/node/extensionHostProcess.js:48:517)
	at e.updateModelState (/usr/share/codium/resources/app/extensions/git/dist/main.js:1:102740)
> git config --get commit.template
