[2020-04-27 18:30:21.118] [exthost] [info] extension host started
[2020-04-27 18:30:21.128] [exthost] [info] ExtensionService#_doActivateExtension vscode.extension-editing {"startup":false,"extensionId":{"value":"vscode.extension-editing","_lower":"vscode.extension-editing"},"activationEvent":"onLanguage:typescript"}
[2020-04-27 18:30:21.129] [exthost] [info] ExtensionService#loadCommonJSModule file:///usr/share/codium/resources/app/extensions/extension-editing/dist/extension
[2020-04-27 18:30:21.230] [exthost] [info] ExtensionService#_doActivateExtension vscode.typescript-language-features {"startup":false,"extensionId":{"value":"vscode.typescript-language-features","_lower":"vscode.typescript-language-features"},"activationEvent":"onLanguage:typescript"}
[2020-04-27 18:30:21.230] [exthost] [info] ExtensionService#loadCommonJSModule file:///usr/share/codium/resources/app/extensions/typescript-language-features/dist/extension
[2020-04-27 18:30:21.367] [exthost] [info] ExtensionService#_doActivateExtension vscode.debug-auto-launch {"startup":true,"extensionId":{"value":"vscode.debug-auto-launch","_lower":"vscode.debug-auto-launch"},"activationEvent":"*"}
[2020-04-27 18:30:21.367] [exthost] [info] ExtensionService#loadCommonJSModule file:///usr/share/codium/resources/app/extensions/debug-auto-launch/dist/extension
[2020-04-27 18:30:21.439] [exthost] [info] ExtensionService#_doActivateExtension vscode.emmet {"startup":true,"extensionId":{"value":"vscode.emmet","_lower":"vscode.emmet"},"activationEvent":"*"}
[2020-04-27 18:30:21.439] [exthost] [info] ExtensionService#loadCommonJSModule file:///usr/share/codium/resources/app/extensions/emmet/dist/extension
[2020-04-27 18:30:21.493] [exthost] [info] ExtensionService#_doActivateExtension vscode.git {"startup":true,"extensionId":{"value":"vscode.git","_lower":"vscode.git"},"activationEvent":"*"}
[2020-04-27 18:30:21.493] [exthost] [info] ExtensionService#loadCommonJSModule file:///usr/share/codium/resources/app/extensions/git/dist/main
[2020-04-27 18:30:21.637] [exthost] [info] ExtensionService#_doActivateExtension vscode.github-authentication {"startup":true,"extensionId":{"value":"vscode.github-authentication","_lower":"vscode.github-authentication"},"activationEvent":"*"}
[2020-04-27 18:30:21.637] [exthost] [info] ExtensionService#loadCommonJSModule file:///usr/share/codium/resources/app/extensions/github-authentication/dist/extension.js
[2020-04-27 18:30:21.641] [exthost] [info] ExtensionService#_doActivateExtension vscode.merge-conflict {"startup":true,"extensionId":{"value":"vscode.merge-conflict","_lower":"vscode.merge-conflict"},"activationEvent":"*"}
[2020-04-27 18:30:21.641] [exthost] [info] ExtensionService#loadCommonJSModule file:///usr/share/codium/resources/app/extensions/merge-conflict/dist/extension
[2020-04-27 18:30:21.653] [exthost] [info] ExtensionService#_doActivateExtension vscode.search-result {"startup":true,"extensionId":{"value":"vscode.search-result","_lower":"vscode.search-result"},"activationEvent":"*"}
[2020-04-27 18:30:21.653] [exthost] [info] ExtensionService#loadCommonJSModule file:///usr/share/codium/resources/app/extensions/search-result/dist/extension.js
[2020-04-27 18:30:21.656] [exthost] [info] ExtensionService#_doActivateExtension vscode.vscode-account {"startup":true,"extensionId":{"value":"vscode.vscode-account","_lower":"vscode.vscode-account"},"activationEvent":"*"}
[2020-04-27 18:30:21.656] [exthost] [info] ExtensionService#loadCommonJSModule file:///usr/share/codium/resources/app/extensions/vscode-account/dist/extension.js
[2020-04-27 18:30:21.658] [exthost] [info] ExtensionService#_doActivateExtension vscodevim.vim {"startup":true,"extensionId":{"value":"vscodevim.vim","_lower":"vscodevim.vim"},"activationEvent":"*"}
[2020-04-27 18:30:21.658] [exthost] [info] ExtensionService#loadCommonJSModule file:///home/terra/.vscode-oss/extensions/vscodevim.vim-1.13.1/out/extension
[2020-04-27 18:30:24.560] [exthost] [info] ExtensionService#_doActivateExtension vscode.npm {"startup":true,"extensionId":{"value":"vscode.npm","_lower":"vscode.npm"},"activationEvent":"workspaceContains:package.json"}
[2020-04-27 18:30:24.560] [exthost] [info] ExtensionService#loadCommonJSModule file:///usr/share/codium/resources/app/extensions/npm/dist/main
[2020-04-27 18:30:24.829] [exthost] [info] eager extensions activated
[2020-04-27 18:30:29.156] [exthost] [info] ExtensionService#_doActivateExtension vscode.configuration-editing {"startup":false,"extensionId":{"value":"vscode.configuration-editing","_lower":"vscode.configuration-editing"},"activationEvent":"onLanguage:jsonc"}
[2020-04-27 18:30:29.156] [exthost] [info] ExtensionService#loadCommonJSModule file:///usr/share/codium/resources/app/extensions/configuration-editing/dist/extension
[2020-04-27 18:30:29.293] [exthost] [info] ExtensionService#_doActivateExtension vscode.json-language-features {"startup":false,"extensionId":{"value":"vscode.json-language-features","_lower":"vscode.json-language-features"},"activationEvent":"onLanguage:jsonc"}
[2020-04-27 18:30:29.293] [exthost] [info] ExtensionService#loadCommonJSModule file:///usr/share/codium/resources/app/extensions/json-language-features/client/dist/jsonMain
[2020-04-27 18:35:13.541] [exthost] [info] [vscode.typescript-language-features] UNSAVE result from 'resolveCompletionItem', extension SHOULD NOT change any of: additionalTextEdits, or command
[2020-04-27 18:40:35.070] [exthost] [warning] TextEditor is closed/disposed
[2020-04-27 18:40:35.070] [exthost] [warning] TextEditor is closed/disposed
[2020-04-27 18:40:37.227] [exthost] [warning] TextEditor is closed/disposed
[2020-04-27 18:40:37.227] [exthost] [warning] TextEditor is closed/disposed
[2020-04-27 18:40:38.079] [exthost] [warning] TextEditor is closed/disposed
[2020-04-27 18:40:38.079] [exthost] [warning] TextEditor is closed/disposed
[2020-04-27 18:40:38.497] [exthost] [warning] TextEditor is closed/disposed
[2020-04-27 18:40:38.497] [exthost] [warning] TextEditor is closed/disposed
[2020-04-27 18:40:38.833] [exthost] [warning] TextEditor is closed/disposed
[2020-04-27 18:40:38.833] [exthost] [warning] TextEditor is closed/disposed
[2020-04-27 18:40:39.155] [exthost] [warning] TextEditor is closed/disposed
[2020-04-27 18:40:39.155] [exthost] [warning] TextEditor is closed/disposed
[2020-04-27 18:40:39.435] [exthost] [warning] TextEditor is closed/disposed
[2020-04-27 18:40:39.435] [exthost] [warning] TextEditor is closed/disposed
[2020-04-27 18:40:39.706] [exthost] [warning] TextEditor is closed/disposed
[2020-04-27 18:40:39.706] [exthost] [warning] TextEditor is closed/disposed
[2020-04-27 18:40:39.941] [exthost] [warning] TextEditor is closed/disposed
[2020-04-27 18:40:39.941] [exthost] [warning] TextEditor is closed/disposed
[2020-04-27 18:40:40.192] [exthost] [warning] TextEditor is closed/disposed
[2020-04-27 18:40:40.192] [exthost] [warning] TextEditor is closed/disposed
[2020-04-27 18:40:40.371] [exthost] [warning] TextEditor is closed/disposed
[2020-04-27 18:40:40.371] [exthost] [warning] TextEditor is closed/disposed
[2020-04-27 18:40:40.543] [exthost] [warning] TextEditor is closed/disposed
[2020-04-27 18:40:40.543] [exthost] [warning] TextEditor is closed/disposed
[2020-04-27 18:40:40.806] [exthost] [warning] TextEditor is closed/disposed
[2020-04-27 18:40:40.806] [exthost] [warning] TextEditor is closed/disposed
[2020-04-27 18:40:40.953] [exthost] [warning] TextEditor is closed/disposed
[2020-04-27 18:40:40.953] [exthost] [warning] TextEditor is closed/disposed
[2020-04-27 18:40:41.086] [exthost] [warning] TextEditor is closed/disposed
[2020-04-27 18:40:41.086] [exthost] [warning] TextEditor is closed/disposed
[2020-04-27 18:40:41.254] [exthost] [warning] TextEditor is closed/disposed
[2020-04-27 18:40:41.254] [exthost] [warning] TextEditor is closed/disposed
[2020-04-27 18:40:41.452] [exthost] [warning] TextEditor is closed/disposed
[2020-04-27 18:40:41.452] [exthost] [warning] TextEditor is closed/disposed
[2020-04-27 18:40:41.584] [exthost] [warning] TextEditor is closed/disposed
[2020-04-27 18:40:41.584] [exthost] [warning] TextEditor is closed/disposed
[2020-04-27 18:40:42.098] [exthost] [warning] TextEditor is closed/disposed
[2020-04-27 18:40:42.098] [exthost] [warning] TextEditor is closed/disposed
[2020-04-27 18:40:42.284] [exthost] [warning] TextEditor is closed/disposed
[2020-04-27 18:40:42.284] [exthost] [warning] TextEditor is closed/disposed
[2020-04-27 18:40:42.422] [exthost] [warning] TextEditor is closed/disposed
[2020-04-27 18:40:42.613] [exthost] [warning] TextEditor is closed/disposed
[2020-04-27 18:40:42.613] [exthost] [warning] TextEditor is closed/disposed
[2020-04-27 18:40:43.648] [exthost] [warning] TextEditor is closed/disposed
[2020-04-27 18:40:43.648] [exthost] [warning] TextEditor is closed/disposed
[2020-04-27 18:40:43.842] [exthost] [warning] TextEditor is closed/disposed
[2020-04-27 18:40:43.842] [exthost] [warning] TextEditor is closed/disposed
