Looking for git in: git
Using git 2.20.1 from git
> git rev-parse --show-toplevel
> git rev-parse --git-dir
Open repository: /home/terra/Documents/system33/python/arma
> git status -z -u
> git symbolic-ref --short HEAD
> git rev-parse master
> git rev-parse --symbolic-full-name master@{u}
fatal: no upstream configured for branch 'master'
> git for-each-ref --format %(refname) %(objectname) --sort -committerdate
> git remote --verbose
> git config --get commit.template
> git check-ignore -v -z --stdin
> git check-ignore -v -z --stdin
> git show :gitignore
> git ls-files --stage -- /home/terra/Documents/system33/python/arma/gitignore
> git cat-file -s c59d3f39caf153abe19dc7d7d1c74252d5b7ae43
> git show :data
> git ls-files --stage -- /home/terra/Documents/system33/python/arma/data
> git cat-file -s 5b05472af7a2eaf404db271b7141c7583077b218
> git show :arma
> git ls-files --stage -- /home/terra/Documents/system33/python/arma/arma
> git cat-file -s adb7db6389014862a1102323216fdaf0d753886d
> git show :.ropeproject/config.py
> git ls-files --stage -- /home/terra/Documents/system33/python/arma/.ropeproject/config.py
> git cat-file -s 0bf77501804861ef4ea39b5bc728e8aaf7097889
> git log --format=%H%n%aN%n%aE%n%at%n%ct%n%P%n%B -z -n21 -- /home/terra/Documents/system33/python/arma/.ropeproject/globalnames
> git log --format=%H%n%aN%n%aE%n%at%n%ct%n%P%n%B -z -n21 -- /home/terra/Documents/system33/python/arma/.ropeproject/history
> git log --format=%H%n%aN%n%aE%n%at%n%ct%n%P%n%B -z -n21 -- /home/terra/Documents/system33/python/arma/.ropeproject/objectdb
> git show :.ropeproject/config.py
> git ls-files --stage -- /home/terra/Documents/system33/python/arma/.ropeproject/config.py
> git cat-file -s 0bf77501804861ef4ea39b5bc728e8aaf7097889
